2020/07/23 18:33:03 jChatBox.Util.Debug => 2.6
2020/07/23 18:33:03 jChatBox Init() ... => C:\Users\Vinamra\Documents\NetBeansProjects\Friends_Club\build\web\WEB-INF\conf\jchatbox.xml
2020/07/23 18:33:03 jChatBox.Util.XMLConfig => jChatBox.Chat.Filter.HTMLFilter loaded
2020/07/23 18:33:03 jChatBox.Util.XMLConfig => jChatBox.Chat.Filter.URLFilter loaded
2020/07/23 18:33:03 jChatBox.Util.XMLConfig => jChatBox.Chat.Transcript.TextDump loaded
2020/07/23 18:33:03 jChatBox.Util.XMLConfig => resources_sv.xml loaded
2020/07/23 18:33:03 jChatBox.Util.XMLConfig => resources_fr.xml loaded
2020/07/23 18:33:03 jChatBox.Util.XMLConfig => resources_pt.xml loaded
2020/07/23 18:33:03 jChatBox.Util.XMLConfig => resources_en.xml loaded
2020/07/23 18:33:03 jChatBox.Util.XMLConfig => resources_da.xml loaded
2020/07/23 18:33:03 jChatBox.Util.XMLConfig => resources_de.xml loaded
2020/07/23 18:33:03 jChatBox.Util.XMLConfig => resources_es.xml loaded
2020/07/23 18:33:03 jChatBox.Util.XMLConfig => resources_nl.xml loaded
2020/07/23 19:07:21 jChatBox.Util.XMLConfig => C:\Users\Vinamra\Documents\NetBeansProjects\Friends_Club\build\web\WEB-INF\conf\jchatbox.ser read
2020/07/23 19:07:21 jChatBox.Chat.ChatroomManager => Chatrooms loaded.
2020/07/23 19:26:25 jChatBox.Service.UserProcessor => User not logged
2020/07/23 19:28:25 jChatBox.Service.UserProcessor => User not logged
2020/07/23 19:28:27 jChatBox.Service.UserProcessor => User not logged
2020/07/23 19:28:40 jChatBox.Service.UserProcessor => User not logged
2020/07/23 19:28:46 jChatBox.Service.UserProcessor => User not logged
2020/07/23 19:41:40 jChatBox.Service.UserProcessor => User not logged
2020/07/23 20:06:43 jChatBox destroy() ... => 
2020/07/23 20:06:43 jChatBox.Util.XMLConfig => C:\Users\Vinamra\Documents\NetBeansProjects\Friends_Club\build\web\WEB-INF\conf\jchatbox.ser written
2020/07/23 20:06:43 jChatBox.Chat.ChatroomManager => Chatrooms Backup done.
