2020/07/09 16:59:51 jChatBox.Util.Debug => 2.6
2020/07/09 16:59:51 jChatBox Init() ... => C:\Users\Vinamra\Documents\NetBeansProjects\Friends_Club\build\web\WEB-INF\conf\jchatbox.xml
2020/07/09 16:59:51 jChatBox.Util.XMLConfig => jChatBox.Chat.Filter.HTMLFilter loaded
2020/07/09 16:59:51 jChatBox.Util.XMLConfig => jChatBox.Chat.Filter.URLFilter loaded
2020/07/09 16:59:51 jChatBox.Util.XMLConfig => jChatBox.Chat.Transcript.TextDump loaded
2020/07/09 16:59:52 jChatBox.Util.XMLConfig => resources_sv.xml loaded
2020/07/09 16:59:52 jChatBox.Util.XMLConfig => resources_fr.xml loaded
2020/07/09 16:59:52 jChatBox.Util.XMLConfig => resources_pt.xml loaded
2020/07/09 16:59:52 jChatBox.Util.XMLConfig => resources_en.xml loaded
2020/07/09 16:59:52 jChatBox.Util.XMLConfig => resources_da.xml loaded
2020/07/09 16:59:52 jChatBox.Util.XMLConfig => resources_de.xml loaded
2020/07/09 16:59:52 jChatBox.Util.XMLConfig => resources_es.xml loaded
2020/07/09 16:59:52 jChatBox.Util.XMLConfig => resources_nl.xml loaded
2020/07/09 17:02:11 jChatBox.Service.UserProcessor => User not logged
2020/07/09 17:02:19 jChatBox.Util.XMLConfig => C:\Users\Vinamra\Documents\NetBeansProjects\Friends_Club\build\web\WEB-INF\conf\jchatbox.ser not found (1594294339522) : C:\Users\Vinamra\Documents\NetBeansProjects\Friends_Club\build\web\WEB-INF\conf\jchatbox.ser (The system cannot find the file specified)
2020/07/09 17:02:19 jChatBox.Chat.ChatroomManager => Ready for new chatrooms.
2020/07/09 17:02:19 jChatBox.Chat.ChatroomManager => ChatroomManager instantied
2020/07/09 17:23:31 jChatBox.Service.ModeratorProcessor => User not logged
2020/07/09 17:30:15 jChatBox.Service.ModeratorProcessor => User not logged
2020/07/09 17:34:48 jChatBox.Service.ModeratorProcessor => User not logged
2020/07/09 17:35:50 jChatBox.Service.SystemLogin => Access Denied : admin/admin (0:0:0:0:0:0:0:1)
2020/07/09 17:37:56 jChatBox.Service.ModeratorProcessor => User not logged
2020/07/09 18:33:11 jChatBox destroy() ... => 
2020/07/09 18:33:11 jChatBox.Util.XMLConfig => C:\Users\Vinamra\Documents\NetBeansProjects\Friends_Club\build\web\WEB-INF\conf\jchatbox.ser written
2020/07/09 18:33:11 jChatBox.Chat.ChatroomManager => Chatrooms Backup done.
